<?xml version="1.0" encoding="UTF-8"?>
<testsuite name="CardComparatorTest" tests="5" skipped="0" failures="0" errors="0" timestamp="2020-08-25T16:23:26" hostname="Valeries-MacBook-Pro.local" time="0.001">
  <properties/>
  <testcase name="compareGreaterThanValue" classname="CardComparatorTest" time="0.0"/>
  <testcase name="compareSameValueDifferentSuit" classname="CardComparatorTest" time="0.0"/>
  <testcase name="compareSuitEqual" classname="CardComparatorTest" time="0.0"/>
  <testcase name="compareSuitFalse" classname="CardComparatorTest" time="0.0"/>
  <testcase name="compareLessThanValue" classname="CardComparatorTest" time="0.0"/>
  <system-out><![CDATA[]]></system-out>
  <system-err><![CDATA[]]></system-err>
</testsuite>
